[debug] ----------------------------------------------------------------------
[debug] Command:      C:\Program Files\nodejs\node.exe C:\Users\TT\AppData\Roaming\npm\node_modules\firebase-tools\bin\firebase serve
[debug] CLI Version:  3.7.0
[debug] Platform:     win32
[debug] Node Version: v7.2.1
[debug] Time:         Fri May 05 2017 11:56:00 GMT+0300 (FLE Daylight Time)
[debug] ----------------------------------------------------------------------
[debug] 
[debug] > command requires scopes: ["email","openid","https://www.googleapis.com/auth/cloudplatformprojects.readonly","https://www.googleapis.com/auth/firebase","https://www.googleapis.com/auth/cloud-platform"]
[debug] >>> HTTP REQUEST GET https://admin.firebase.com/v1/projects/filmstore-92789  
 Fri May 05 2017 11:56:00 GMT+0300 (FLE Daylight Time)
[debug] <<< HTTP RESPONSE 200
[debug] >>> HTTP REQUEST GET https://admin.firebase.com/v1/database/filmstore-92789/tokens  
 Fri May 05 2017 11:56:01 GMT+0300 (FLE Daylight Time)
[debug] <<< HTTP RESPONSE 200
[info] Starting Firebase development server...
[info] 
[info] Project Directory: C:\Users\TT\Documents\GitHub\FilmStore-Project\filmstore
[debug] >>> HTTP REQUEST GET https://cloudresourcemanager.googleapis.com/v1/projects/filmstore-92789  
 Fri May 05 2017 11:56:02 GMT+0300 (FLE Daylight Time)
[debug] <<< HTTP RESPONSE 200
[debug] >>> HTTP REQUEST GET https://mobilesdk-pa.googleapis.com/v1/projects/584846956462/clients/_:getWebAppConfig  
 Fri May 05 2017 11:56:03 GMT+0300 (FLE Daylight Time)
[debug] <<< HTTP RESPONSE 200
[info] Public Directory: public
[info] 
[info] Server listening at: http://localhost:5000
[debug] ----------------------------------------------------------------------
[debug] Command:      D:\Developer\NodeJS\node.exe C:\Users\Dimitar\AppData\Roaming\npm\node_modules\firebase-tools\bin\firebase serve
[debug] CLI Version:  3.6.0
[debug] Platform:     win32
[debug] Node Version: v6.9.2
[debug] Time:         Sat May 06 2017 00:15:46 GMT-0200 (UTC-02)
[debug] ----------------------------------------------------------------------
[debug] 
[debug] > command requires scopes: ["email","openid","https://www.googleapis.com/auth/cloudplatformprojects.readonly","https://www.googleapis.com/auth/firebase","https://www.googleapis.com/auth/cloud-platform"]
[debug] > refreshing access token with scopes: ["email","https://www.googleapis.com/auth/cloud-platform","https://www.googleapis.com/auth/cloudplatformprojects.readonly","https://www.googleapis.com/auth/firebase","openid"]
[debug] >>> HTTP REQUEST POST https://www.googleapis.com/oauth2/v3/token { refresh_token: '1/_uYknhDVO7FBilt9nd0uJX-_-kS5NdPZNkE5uXzqO-s',
  client_id: '563584335869-fgrhgmd47bqnekij5i8b5pr03ho849e6.apps.googleusercontent.com',
  client_secret: 'j9iVZfS8kkCEFUPaAeJV0sAi',
  grant_type: 'refresh_token',
  scope: 'email https://www.googleapis.com/auth/cloud-platform https://www.googleapis.com/auth/cloudplatformprojects.readonly https://www.googleapis.com/auth/firebase openid' } 
 Sat May 06 2017 00:15:46 GMT-0200 (UTC-02)
[debug] <<< HTTP RESPONSE 200
[debug] >>> HTTP REQUEST GET https://admin.firebase.com/v1/projects/filmstore-92789  
 Sat May 06 2017 00:15:46 GMT-0200 (UTC-02)
[debug] <<< HTTP RESPONSE 200
[debug] >>> HTTP REQUEST GET https://admin.firebase.com/v1/database/filmstore-92789/tokens  
 Sat May 06 2017 00:15:47 GMT-0200 (UTC-02)
[debug] <<< HTTP RESPONSE 200
[info] Starting Firebase development server...
[info] 
[info] Project Directory: C:\Users\Dimitar\Desktop\FilmStore - CoursePoject\MovieStore-Project\filmstore
[debug] >>> HTTP REQUEST GET https://cloudresourcemanager.googleapis.com/v1/projects/filmstore-92789  
 Sat May 06 2017 00:15:48 GMT-0200 (UTC-02)
[debug] <<< HTTP RESPONSE 200
[debug] >>> HTTP REQUEST GET https://mobilesdk-pa.googleapis.com/v1/projects/584846956462/clients/_:getWebAppConfig  
 Sat May 06 2017 00:15:49 GMT-0200 (UTC-02)
[debug] <<< HTTP RESPONSE 200
[info] Public Directory: public
[info] 
[info] Server listening at: http://localhost:5000
[debug] ----------------------------------------------------------------------
[debug] Command:      D:\Developer\NodeJS\node.exe C:\Users\Dimitar\AppData\Roaming\npm\node_modules\firebase-tools\bin\firebase serve
[debug] CLI Version:  3.6.0
[debug] Platform:     win32
[debug] Node Version: v6.9.2
[debug] Time:         Sat May 06 2017 12:04:55 GMT-0200 (UTC-02)
[debug] ----------------------------------------------------------------------
[debug] 
[debug] > command requires scopes: ["email","openid","https://www.googleapis.com/auth/cloudplatformprojects.readonly","https://www.googleapis.com/auth/firebase","https://www.googleapis.com/auth/cloud-platform"]
[debug] > refreshing access token with scopes: ["email","https://www.googleapis.com/auth/cloud-platform","https://www.googleapis.com/auth/cloudplatformprojects.readonly","https://www.googleapis.com/auth/firebase","openid"]
[debug] >>> HTTP REQUEST POST https://www.googleapis.com/oauth2/v3/token { refresh_token: '1/_uYknhDVO7FBilt9nd0uJX-_-kS5NdPZNkE5uXzqO-s',
  client_id: '563584335869-fgrhgmd47bqnekij5i8b5pr03ho849e6.apps.googleusercontent.com',
  client_secret: 'j9iVZfS8kkCEFUPaAeJV0sAi',
  grant_type: 'refresh_token',
  scope: 'email https://www.googleapis.com/auth/cloud-platform https://www.googleapis.com/auth/cloudplatformprojects.readonly https://www.googleapis.com/auth/firebase openid' } 
 Sat May 06 2017 12:04:55 GMT-0200 (UTC-02)
[debug] <<< HTTP RESPONSE 200
[debug] >>> HTTP REQUEST GET https://admin.firebase.com/v1/projects/filmstore-92789  
 Sat May 06 2017 12:04:55 GMT-0200 (UTC-02)
[debug] <<< HTTP RESPONSE 200
[debug] >>> HTTP REQUEST GET https://admin.firebase.com/v1/database/filmstore-92789/tokens  
 Sat May 06 2017 12:04:56 GMT-0200 (UTC-02)
[debug] <<< HTTP RESPONSE 200
[info] Starting Firebase development server...
[info] 
[info] Project Directory: C:\Users\Dimitar\Desktop\FilmStore - CoursePoject\MovieStore-Project\filmstore
[debug] >>> HTTP REQUEST GET https://cloudresourcemanager.googleapis.com/v1/projects/filmstore-92789  
 Sat May 06 2017 12:04:57 GMT-0200 (UTC-02)
[debug] <<< HTTP RESPONSE 200
[debug] >>> HTTP REQUEST GET https://mobilesdk-pa.googleapis.com/v1/projects/584846956462/clients/_:getWebAppConfig  
 Sat May 06 2017 12:04:58 GMT-0200 (UTC-02)
[debug] <<< HTTP RESPONSE 200
[info] Public Directory: public
[info] 
[info] Server listening at: http://localhost:5000
[debug] ----------------------------------------------------------------------
[debug] Command:      D:\Developer\NodeJS\node.exe C:\Users\Dimitar\AppData\Roaming\npm\node_modules\firebase-tools\bin\firebase serve
[debug] CLI Version:  3.6.0
[debug] Platform:     win32
[debug] Node Version: v6.9.2
[debug] Time:         Sun May 07 2017 13:09:35 GMT-0200 (UTC-02)
[debug] ----------------------------------------------------------------------
[debug] 
[debug] > command requires scopes: ["email","openid","https://www.googleapis.com/auth/cloudplatformprojects.readonly","https://www.googleapis.com/auth/firebase","https://www.googleapis.com/auth/cloud-platform"]
[debug] > refreshing access token with scopes: ["email","https://www.googleapis.com/auth/cloud-platform","https://www.googleapis.com/auth/cloudplatformprojects.readonly","https://www.googleapis.com/auth/firebase","openid"]
[debug] >>> HTTP REQUEST POST https://www.googleapis.com/oauth2/v3/token { refresh_token: '1/_uYknhDVO7FBilt9nd0uJX-_-kS5NdPZNkE5uXzqO-s',
  client_id: '563584335869-fgrhgmd47bqnekij5i8b5pr03ho849e6.apps.googleusercontent.com',
  client_secret: 'j9iVZfS8kkCEFUPaAeJV0sAi',
  grant_type: 'refresh_token',
  scope: 'email https://www.googleapis.com/auth/cloud-platform https://www.googleapis.com/auth/cloudplatformprojects.readonly https://www.googleapis.com/auth/firebase openid' } 
 Sun May 07 2017 13:09:35 GMT-0200 (UTC-02)
[debug] <<< HTTP RESPONSE 200
[debug] >>> HTTP REQUEST GET https://admin.firebase.com/v1/projects/filmstore-92789  
 Sun May 07 2017 13:09:36 GMT-0200 (UTC-02)
[debug] <<< HTTP RESPONSE 200
[debug] >>> HTTP REQUEST GET https://admin.firebase.com/v1/database/filmstore-92789/tokens  
 Sun May 07 2017 13:09:37 GMT-0200 (UTC-02)
[debug] <<< HTTP RESPONSE 200
[info] Starting Firebase development server...
[info] 
[info] Project Directory: C:\Users\Dimitar\Desktop\FilmStore - CoursePoject\MovieStore-Project\filmstore
[debug] >>> HTTP REQUEST GET https://cloudresourcemanager.googleapis.com/v1/projects/filmstore-92789  
 Sun May 07 2017 13:09:38 GMT-0200 (UTC-02)
[debug] <<< HTTP RESPONSE 200
[debug] >>> HTTP REQUEST GET https://mobilesdk-pa.googleapis.com/v1/projects/584846956462/clients/_:getWebAppConfig  
 Sun May 07 2017 13:09:39 GMT-0200 (UTC-02)
[debug] <<< HTTP RESPONSE 200
[info] Public Directory: public
[info] 
[info] Server listening at: http://localhost:5000
[info] Shutting down...
[debug] ----------------------------------------------------------------------
[debug] Command:      D:\Developer\NodeJS\node.exe C:\Users\Dimitar\AppData\Roaming\npm\node_modules\firebase-tools\bin\firebase serve
[debug] CLI Version:  3.6.0
[debug] Platform:     win32
[debug] Node Version: v6.9.2
[debug] Time:         Sun May 07 2017 13:17:10 GMT-0200 (UTC-02)
[debug] ----------------------------------------------------------------------
[debug] 
[debug] > command requires scopes: ["email","openid","https://www.googleapis.com/auth/cloudplatformprojects.readonly","https://www.googleapis.com/auth/firebase","https://www.googleapis.com/auth/cloud-platform"]
[debug] >>> HTTP REQUEST GET https://admin.firebase.com/v1/projects/filmstore-92789  
 Sun May 07 2017 13:17:10 GMT-0200 (UTC-02)
[debug] <<< HTTP RESPONSE 200
[debug] >>> HTTP REQUEST GET https://admin.firebase.com/v1/database/filmstore-92789/tokens  
 Sun May 07 2017 13:17:11 GMT-0200 (UTC-02)
[debug] <<< HTTP RESPONSE 200
[info] Starting Firebase development server...
[info] 
[info] Project Directory: C:\Users\Dimitar\Desktop\FilmStore - CoursePoject\MovieStore-Project\filmstore
[debug] >>> HTTP REQUEST GET https://cloudresourcemanager.googleapis.com/v1/projects/filmstore-92789  
 Sun May 07 2017 13:17:13 GMT-0200 (UTC-02)
[debug] <<< HTTP RESPONSE 200
[debug] >>> HTTP REQUEST GET https://mobilesdk-pa.googleapis.com/v1/projects/584846956462/clients/_:getWebAppConfig  
 Sun May 07 2017 13:17:14 GMT-0200 (UTC-02)
[debug] <<< HTTP RESPONSE 200
[info] Public Directory: public
[info] 
[info] Server listening at: http://localhost:5000
[info] Shutting down...
[debug] ----------------------------------------------------------------------
[debug] Command:      D:\Developer\NodeJS\node.exe C:\Users\Dimitar\AppData\Roaming\npm\node_modules\firebase-tools\bin\firebase serve
[debug] CLI Version:  3.6.0
[debug] Platform:     win32
[debug] Node Version: v6.9.2
[debug] Time:         Sun May 07 2017 13:20:07 GMT-0200 (UTC-02)
[debug] ----------------------------------------------------------------------
[debug] 
[debug] > command requires scopes: ["email","openid","https://www.googleapis.com/auth/cloudplatformprojects.readonly","https://www.googleapis.com/auth/firebase","https://www.googleapis.com/auth/cloud-platform"]
[debug] >>> HTTP REQUEST GET https://admin.firebase.com/v1/projects/filmstore-92789  
 Sun May 07 2017 13:20:07 GMT-0200 (UTC-02)
[debug] <<< HTTP RESPONSE 200
[debug] >>> HTTP REQUEST GET https://admin.firebase.com/v1/database/filmstore-92789/tokens  
 Sun May 07 2017 13:20:08 GMT-0200 (UTC-02)
[debug] <<< HTTP RESPONSE 200
[info] Starting Firebase development server...
[info] 
[info] Project Directory: C:\Users\Dimitar\Desktop\FilmStore - CoursePoject\MovieStore-Project\filmstore
[debug] >>> HTTP REQUEST GET https://cloudresourcemanager.googleapis.com/v1/projects/filmstore-92789  
 Sun May 07 2017 13:20:09 GMT-0200 (UTC-02)
[debug] <<< HTTP RESPONSE 200
[debug] >>> HTTP REQUEST GET https://mobilesdk-pa.googleapis.com/v1/projects/584846956462/clients/_:getWebAppConfig  
 Sun May 07 2017 13:20:10 GMT-0200 (UTC-02)
[debug] <<< HTTP RESPONSE 200
[info] Public Directory: public
[info] 
[info] Server listening at: http://localhost:5000
[debug] ----------------------------------------------------------------------
[debug] Command:      C:\Program Files\nodejs\node.exe C:\Users\TT\AppData\Roaming\npm\node_modules\firebase-tools\bin\firebase serve
[debug] CLI Version:  3.7.0
[debug] Platform:     win32
[debug] Node Version: v7.2.1
[debug] Time:         Mon May 08 2017 17:53:38 GMT+0300 (FLE Daylight Time)
[debug] ----------------------------------------------------------------------
[debug] 
[debug] > command requires scopes: ["email","openid","https://www.googleapis.com/auth/cloudplatformprojects.readonly","https://www.googleapis.com/auth/firebase","https://www.googleapis.com/auth/cloud-platform"]
[debug] > refreshing access token with scopes: ["email","https://www.googleapis.com/auth/cloud-platform","https://www.googleapis.com/auth/cloudplatformprojects.readonly","https://www.googleapis.com/auth/firebase","openid"]
[debug] >>> HTTP REQUEST POST https://www.googleapis.com/oauth2/v3/token { refresh_token: '1/CqMKCkROGz4AzTQFE3ZKpRETJ3cr9iAnL637K0STcKA',
  client_id: '563584335869-fgrhgmd47bqnekij5i8b5pr03ho849e6.apps.googleusercontent.com',
  client_secret: 'j9iVZfS8kkCEFUPaAeJV0sAi',
  grant_type: 'refresh_token',
  scope: 'email https://www.googleapis.com/auth/cloud-platform https://www.googleapis.com/auth/cloudplatformprojects.readonly https://www.googleapis.com/auth/firebase openid' } 
 Mon May 08 2017 17:53:38 GMT+0300 (FLE Daylight Time)
[debug] <<< HTTP RESPONSE 200
[debug] >>> HTTP REQUEST GET https://admin.firebase.com/v1/projects/filmstore-92789  
 Mon May 08 2017 17:53:38 GMT+0300 (FLE Daylight Time)
[debug] <<< HTTP RESPONSE 200
[debug] >>> HTTP REQUEST GET https://admin.firebase.com/v1/database/filmstore-92789/tokens  
 Mon May 08 2017 17:53:40 GMT+0300 (FLE Daylight Time)
[debug] <<< HTTP RESPONSE 200
[info] Starting Firebase development server...
[info] 
[info] Project Directory: C:\Users\TT\Documents\GitHub\FilmStore-Project\filmstore
[debug] >>> HTTP REQUEST GET https://cloudresourcemanager.googleapis.com/v1/projects/filmstore-92789  
 Mon May 08 2017 17:53:41 GMT+0300 (FLE Daylight Time)
[debug] <<< HTTP RESPONSE 200
[debug] >>> HTTP REQUEST GET https://mobilesdk-pa.googleapis.com/v1/projects/584846956462/clients/_:getWebAppConfig  
 Mon May 08 2017 17:53:41 GMT+0300 (FLE Daylight Time)
[debug] <<< HTTP RESPONSE 200
[info] Public Directory: public
[info] 
[info] Server listening at: http://localhost:5000
